-------------------------------------------------------------------------------
Test set: pl.put.poznan.tools.logic.JsonKeyRemoveTest
-------------------------------------------------------------------------------
Tests run: 5, Failures: 0, Errors: 5, Skipped: 0, Time elapsed: 0.081 s <<< FAILURE! - in pl.put.poznan.tools.logic.JsonKeyRemoveTest
testEmptyInput  Time elapsed: 0.068 s  <<< ERROR!
java.lang.IllegalStateException: Could not initialize plugin: interface org.mockito.plugins.MockMaker (alternate: null)
	at pl.put.poznan.tools.logic.JsonKeyRemoveTest.setup(JsonKeyRemoveTest.java:19)
Caused by: java.lang.IllegalStateException: Internal problem occurred, please report it. Mockito is unable to load the default implementation of class that is a part of Mockito distribution. Failed to load interface org.mockito.plugins.MockMaker
	at pl.put.poznan.tools.logic.JsonKeyRemoveTest.setup(JsonKeyRemoveTest.java:19)
Caused by: java.lang.reflect.InvocationTargetException
	at pl.put.poznan.tools.logic.JsonKeyRemoveTest.setup(JsonKeyRemoveTest.java:19)
Caused by: org.mockito.exceptions.base.MockitoInitializationException: 

Could not initialize inline Byte Buddy mock maker.

It appears as if your JDK does not supply a working agent attachment mechanism.
Java               : 24
JVM vendor name    : Oracle Corporation
JVM vendor version : 24+36-3646
JVM name           : Java HotSpot(TM) 64-Bit Server VM
JVM version        : 24+36-3646
JVM info           : mixed mode, sharing
OS name            : Windows 11
OS version         : 10.0

	at pl.put.poznan.tools.logic.JsonKeyRemoveTest.setup(JsonKeyRemoveTest.java:19)
Caused by: java.lang.IllegalStateException: Failed to resolve the class file version of the current VM: This JVM's version string does not seem to be valid: 24
	at pl.put.poznan.tools.logic.JsonKeyRemoveTest.setup(JsonKeyRemoveTest.java:19)

testNestedObjectKeyRemoval  Time elapsed: 0 s  <<< ERROR!
java.lang.IllegalStateException: Could not initialize plugin: interface org.mockito.plugins.MockMaker (alternate: null)
	at pl.put.poznan.tools.logic.JsonKeyRemoveTest.setup(JsonKeyRemoveTest.java:19)
Caused by: java.lang.IllegalStateException: Internal problem occurred, please report it. Mockito is unable to load the default implementation of class that is a part of Mockito distribution. Failed to load interface org.mockito.plugins.MockMaker
	at pl.put.poznan.tools.logic.JsonKeyRemoveTest.setup(JsonKeyRemoveTest.java:19)
Caused by: java.lang.reflect.InvocationTargetException
	at pl.put.poznan.tools.logic.JsonKeyRemoveTest.setup(JsonKeyRemoveTest.java:19)
Caused by: org.mockito.exceptions.base.MockitoInitializationException: 

Could not initialize inline Byte Buddy mock maker.

It appears as if your JDK does not supply a working agent attachment mechanism.
Java               : 24
JVM vendor name    : Oracle Corporation
JVM vendor version : 24+36-3646
JVM name           : Java HotSpot(TM) 64-Bit Server VM
JVM version        : 24+36-3646
JVM info           : mixed mode, sharing
OS name            : Windows 11
OS version         : 10.0

	at pl.put.poznan.tools.logic.JsonKeyRemoveTest.setup(JsonKeyRemoveTest.java:19)
Caused by: java.lang.IllegalStateException: Failed to resolve the class file version of the current VM: This JVM's version string does not seem to be valid: 24
	at pl.put.poznan.tools.logic.JsonKeyRemoveTest.setup(JsonKeyRemoveTest.java:19)

testEmptyOutput  Time elapsed: 0.001 s  <<< ERROR!
java.lang.IllegalStateException: Could not initialize plugin: interface org.mockito.plugins.MockMaker (alternate: null)
	at pl.put.poznan.tools.logic.JsonKeyRemoveTest.setup(JsonKeyRemoveTest.java:19)
Caused by: java.lang.IllegalStateException: Internal problem occurred, please report it. Mockito is unable to load the default implementation of class that is a part of Mockito distribution. Failed to load interface org.mockito.plugins.MockMaker
	at pl.put.poznan.tools.logic.JsonKeyRemoveTest.setup(JsonKeyRemoveTest.java:19)
Caused by: java.lang.reflect.InvocationTargetException
	at pl.put.poznan.tools.logic.JsonKeyRemoveTest.setup(JsonKeyRemoveTest.java:19)
Caused by: org.mockito.exceptions.base.MockitoInitializationException: 

Could not initialize inline Byte Buddy mock maker.

It appears as if your JDK does not supply a working agent attachment mechanism.
Java               : 24
JVM vendor name    : Oracle Corporation
JVM vendor version : 24+36-3646
JVM name           : Java HotSpot(TM) 64-Bit Server VM
JVM version        : 24+36-3646
JVM info           : mixed mode, sharing
OS name            : Windows 11
OS version         : 10.0

	at pl.put.poznan.tools.logic.JsonKeyRemoveTest.setup(JsonKeyRemoveTest.java:19)
Caused by: java.lang.IllegalStateException: Failed to resolve the class file version of the current VM: This JVM's version string does not seem to be valid: 24
	at pl.put.poznan.tools.logic.JsonKeyRemoveTest.setup(JsonKeyRemoveTest.java:19)

testKeyRemoval  Time elapsed: 0.001 s  <<< ERROR!
java.lang.IllegalStateException: Could not initialize plugin: interface org.mockito.plugins.MockMaker (alternate: null)
	at pl.put.poznan.tools.logic.JsonKeyRemoveTest.setup(JsonKeyRemoveTest.java:19)
Caused by: java.lang.IllegalStateException: Internal problem occurred, please report it. Mockito is unable to load the default implementation of class that is a part of Mockito distribution. Failed to load interface org.mockito.plugins.MockMaker
	at pl.put.poznan.tools.logic.JsonKeyRemoveTest.setup(JsonKeyRemoveTest.java:19)
Caused by: java.lang.reflect.InvocationTargetException
	at pl.put.poznan.tools.logic.JsonKeyRemoveTest.setup(JsonKeyRemoveTest.java:19)
Caused by: org.mockito.exceptions.base.MockitoInitializationException: 

Could not initialize inline Byte Buddy mock maker.

It appears as if your JDK does not supply a working agent attachment mechanism.
Java               : 24
JVM vendor name    : Oracle Corporation
JVM vendor version : 24+36-3646
JVM name           : Java HotSpot(TM) 64-Bit Server VM
JVM version        : 24+36-3646
JVM info           : mixed mode, sharing
OS name            : Windows 11
OS version         : 10.0

	at pl.put.poznan.tools.logic.JsonKeyRemoveTest.setup(JsonKeyRemoveTest.java:19)
Caused by: java.lang.IllegalStateException: Failed to resolve the class file version of the current VM: This JVM's version string does not seem to be valid: 24
	at pl.put.poznan.tools.logic.JsonKeyRemoveTest.setup(JsonKeyRemoveTest.java:19)

testUnexistingKeyRemoval  Time elapsed: 0.001 s  <<< ERROR!
java.lang.IllegalStateException: Could not initialize plugin: interface org.mockito.plugins.MockMaker (alternate: null)
	at pl.put.poznan.tools.logic.JsonKeyRemoveTest.setup(JsonKeyRemoveTest.java:19)
Caused by: java.lang.IllegalStateException: Internal problem occurred, please report it. Mockito is unable to load the default implementation of class that is a part of Mockito distribution. Failed to load interface org.mockito.plugins.MockMaker
	at pl.put.poznan.tools.logic.JsonKeyRemoveTest.setup(JsonKeyRemoveTest.java:19)
Caused by: java.lang.reflect.InvocationTargetException
	at pl.put.poznan.tools.logic.JsonKeyRemoveTest.setup(JsonKeyRemoveTest.java:19)
Caused by: org.mockito.exceptions.base.MockitoInitializationException: 

Could not initialize inline Byte Buddy mock maker.

It appears as if your JDK does not supply a working agent attachment mechanism.
Java               : 24
JVM vendor name    : Oracle Corporation
JVM vendor version : 24+36-3646
JVM name           : Java HotSpot(TM) 64-Bit Server VM
JVM version        : 24+36-3646
JVM info           : mixed mode, sharing
OS name            : Windows 11
OS version         : 10.0

	at pl.put.poznan.tools.logic.JsonKeyRemoveTest.setup(JsonKeyRemoveTest.java:19)
Caused by: java.lang.IllegalStateException: Failed to resolve the class file version of the current VM: This JVM's version string does not seem to be valid: 24
	at pl.put.poznan.tools.logic.JsonKeyRemoveTest.setup(JsonKeyRemoveTest.java:19)

