<?xml version="1.0" encoding="UTF-8"?>
<testsuite xmlns:xsi="http://www.w3.org/2001/XMLSchema-instance" xsi:noNamespaceSchemaLocation="https://maven.apache.org/surefire/maven-surefire-plugin/xsd/surefire-test-report.xsd" name="pl.put.poznan.tools.logic.JsonKeyRemoveTest" time="0.081" tests="5" errors="5" skipped="0" failures="0">
  <properties>
[...]
</properties>
  <testcase name="testEmptyInput" classname="pl.put.poznan.tools.logic.JsonKeyRemoveTest" time="0.068">
    <error message="Could not initialize plugin: interface org.mockito.plugins.MockMaker (alternate: null)" type="java.lang.IllegalStateException">java.lang.IllegalStateException: Could not initialize plugin: interface org.mockito.plugins.MockMaker (alternate: null)
	at pl.put.poznan.tools.logic.JsonKeyRemoveTest.setup(JsonKeyRemoveTest.java:19)
Caused by: java.lang.IllegalStateException: Internal problem occurred, please report it. Mockito is unable to load the default implementation of class that is a part of Mockito distribution. Failed to load interface org.mockito.plugins.MockMaker
	at pl.put.poznan.tools.logic.JsonKeyRemoveTest.setup(JsonKeyRemoveTest.java:19)
Caused by: java.lang.reflect.InvocationTargetException
	at pl.put.poznan.tools.logic.JsonKeyRemoveTest.setup(JsonKeyRemoveTest.java:19)
Caused by: org.mockito.exceptions.base.MockitoInitializationException: 

Could not initialize inline Byte Buddy mock maker.

It appears as if your JDK does not supply a working agent attachment mechanism.
Java               : 24
JVM vendor name    : Oracle Corporation
JVM vendor version : 24+36-3646
JVM name           : Java HotSpot(TM) 64-Bit Server VM
JVM version        : 24+36-3646
JVM info           : mixed mode, sharing
OS name            : Windows 11
OS version         : 10.0

	at pl.put.poznan.tools.logic.JsonKeyRemoveTest.setup(JsonKeyRemoveTest.java:19)
Caused by: java.lang.IllegalStateException: Failed to resolve the class file version of the current VM: This JVM's version string does not seem to be valid: 24
	at pl.put.poznan.tools.logic.JsonKeyRemoveTest.setup(JsonKeyRemoveTest.java:19)
</error>
  </testcase>
  <testcase name="testNestedObjectKeyRemoval" classname="pl.put.poznan.tools.logic.JsonKeyRemoveTest" time="0">
    <error message="Could not initialize plugin: interface org.mockito.plugins.MockMaker (alternate: null)" type="java.lang.IllegalStateException">java.lang.IllegalStateException: Could not initialize plugin: interface org.mockito.plugins.MockMaker (alternate: null)
	at pl.put.poznan.tools.logic.JsonKeyRemoveTest.setup(JsonKeyRemoveTest.java:19)
Caused by: java.lang.IllegalStateException: Internal problem occurred, please report it. Mockito is unable to load the default implementation of class that is a part of Mockito distribution. Failed to load interface org.mockito.plugins.MockMaker
	at pl.put.poznan.tools.logic.JsonKeyRemoveTest.setup(JsonKeyRemoveTest.java:19)
Caused by: java.lang.reflect.InvocationTargetException
	at pl.put.poznan.tools.logic.JsonKeyRemoveTest.setup(JsonKeyRemoveTest.java:19)
Caused by: org.mockito.exceptions.base.MockitoInitializationException: 

Could not initialize inline Byte Buddy mock maker.

It appears as if your JDK does not supply a working agent attachment mechanism.
Java               : 24
JVM vendor name    : Oracle Corporation
JVM vendor version : 24+36-3646
JVM name           : Java HotSpot(TM) 64-Bit Server VM
JVM version        : 24+36-3646
JVM info           : mixed mode, sharing
OS name            : Windows 11
OS version         : 10.0

	at pl.put.poznan.tools.logic.JsonKeyRemoveTest.setup(JsonKeyRemoveTest.java:19)
Caused by: java.lang.IllegalStateException: Failed to resolve the class file version of the current VM: This JVM's version string does not seem to be valid: 24
	at pl.put.poznan.tools.logic.JsonKeyRemoveTest.setup(JsonKeyRemoveTest.java:19)
</error>
  </testcase>
  <testcase name="testEmptyOutput" classname="pl.put.poznan.tools.logic.JsonKeyRemoveTest" time="0.001">
    <error message="Could not initialize plugin: interface org.mockito.plugins.MockMaker (alternate: null)" type="java.lang.IllegalStateException">java.lang.IllegalStateException: Could not initialize plugin: interface org.mockito.plugins.MockMaker (alternate: null)
	at pl.put.poznan.tools.logic.JsonKeyRemoveTest.setup(JsonKeyRemoveTest.java:19)
Caused by: java.lang.IllegalStateException: Internal problem occurred, please report it. Mockito is unable to load the default implementation of class that is a part of Mockito distribution. Failed to load interface org.mockito.plugins.MockMaker
	at pl.put.poznan.tools.logic.JsonKeyRemoveTest.setup(JsonKeyRemoveTest.java:19)
Caused by: java.lang.reflect.InvocationTargetException
	at pl.put.poznan.tools.logic.JsonKeyRemoveTest.setup(JsonKeyRemoveTest.java:19)
Caused by: org.mockito.exceptions.base.MockitoInitializationException: 

Could not initialize inline Byte Buddy mock maker.

It appears as if your JDK does not supply a working agent attachment mechanism.
Java               : 24
JVM vendor name    : Oracle Corporation
JVM vendor version : 24+36-3646
JVM name           : Java HotSpot(TM) 64-Bit Server VM
JVM version        : 24+36-3646
JVM info           : mixed mode, sharing
OS name            : Windows 11
OS version         : 10.0

	at pl.put.poznan.tools.logic.JsonKeyRemoveTest.setup(JsonKeyRemoveTest.java:19)
Caused by: java.lang.IllegalStateException: Failed to resolve the class file version of the current VM: This JVM's version string does not seem to be valid: 24
	at pl.put.poznan.tools.logic.JsonKeyRemoveTest.setup(JsonKeyRemoveTest.java:19)
</error>
  </testcase>
  <testcase name="testKeyRemoval" classname="pl.put.poznan.tools.logic.JsonKeyRemoveTest" time="0.001">
    <error message="Could not initialize plugin: interface org.mockito.plugins.MockMaker (alternate: null)" type="java.lang.IllegalStateException">java.lang.IllegalStateException: Could not initialize plugin: interface org.mockito.plugins.MockMaker (alternate: null)
	at pl.put.poznan.tools.logic.JsonKeyRemoveTest.setup(JsonKeyRemoveTest.java:19)
Caused by: java.lang.IllegalStateException: Internal problem occurred, please report it. Mockito is unable to load the default implementation of class that is a part of Mockito distribution. Failed to load interface org.mockito.plugins.MockMaker
	at pl.put.poznan.tools.logic.JsonKeyRemoveTest.setup(JsonKeyRemoveTest.java:19)
Caused by: java.lang.reflect.InvocationTargetException
	at pl.put.poznan.tools.logic.JsonKeyRemoveTest.setup(JsonKeyRemoveTest.java:19)
Caused by: org.mockito.exceptions.base.MockitoInitializationException: 

Could not initialize inline Byte Buddy mock maker.

It appears as if your JDK does not supply a working agent attachment mechanism.
Java               : 24
JVM vendor name    : Oracle Corporation
JVM vendor version : 24+36-3646
JVM name           : Java HotSpot(TM) 64-Bit Server VM
JVM version        : 24+36-3646
JVM info           : mixed mode, sharing
OS name            : Windows 11
OS version         : 10.0

	at pl.put.poznan.tools.logic.JsonKeyRemoveTest.setup(JsonKeyRemoveTest.java:19)
Caused by: java.lang.IllegalStateException: Failed to resolve the class file version of the current VM: This JVM's version string does not seem to be valid: 24
	at pl.put.poznan.tools.logic.JsonKeyRemoveTest.setup(JsonKeyRemoveTest.java:19)
</error>
  </testcase>
  <testcase name="testUnexistingKeyRemoval" classname="pl.put.poznan.tools.logic.JsonKeyRemoveTest" time="0.001">
    <error message="Could not initialize plugin: interface org.mockito.plugins.MockMaker (alternate: null)" type="java.lang.IllegalStateException">java.lang.IllegalStateException: Could not initialize plugin: interface org.mockito.plugins.MockMaker (alternate: null)
	at pl.put.poznan.tools.logic.JsonKeyRemoveTest.setup(JsonKeyRemoveTest.java:19)
Caused by: java.lang.IllegalStateException: Internal problem occurred, please report it. Mockito is unable to load the default implementation of class that is a part of Mockito distribution. Failed to load interface org.mockito.plugins.MockMaker
	at pl.put.poznan.tools.logic.JsonKeyRemoveTest.setup(JsonKeyRemoveTest.java:19)
Caused by: java.lang.reflect.InvocationTargetException
	at pl.put.poznan.tools.logic.JsonKeyRemoveTest.setup(JsonKeyRemoveTest.java:19)
Caused by: org.mockito.exceptions.base.MockitoInitializationException: 

Could not initialize inline Byte Buddy mock maker.

It appears as if your JDK does not supply a working agent attachment mechanism.
Java               : 24
JVM vendor name    : Oracle Corporation
JVM vendor version : 24+36-3646
JVM name           : Java HotSpot(TM) 64-Bit Server VM
JVM version        : 24+36-3646
JVM info           : mixed mode, sharing
OS name            : Windows 11
OS version         : 10.0

	at pl.put.poznan.tools.logic.JsonKeyRemoveTest.setup(JsonKeyRemoveTest.java:19)
Caused by: java.lang.IllegalStateException: Failed to resolve the class file version of the current VM: This JVM's version string does not seem to be valid: 24
	at pl.put.poznan.tools.logic.JsonKeyRemoveTest.setup(JsonKeyRemoveTest.java:19)
</error>
  </testcase>
</testsuite>